<?xml version="1.0" encoding="UTF-8"?>
<!-- Generated by org.testng.reporters.JUnitReportReporter -->
<testsuite hostname="DESKTOP-R5NPD3S" failures="0" tests="3" name="pack500.PopTest" time="115.063" errors="0" timestamp="29 Jun 2022 10:46:12 GMT" skipped="0">
  <testcase classname="pack500.PopTest" name="laptoptest" time="43.993"/>
  <testcase classname="pack500.PopTest" name="tabletest" time="26.959"/>
  <testcase classname="pack500.PopTest" name="spketest" time="44.111"/>
</testsuite> <!-- pack500.PopTest -->
